\BOOKMARK [1][-]{section.1}{\376\377\000I\000n\000t\000r\000o\000d\000u\000c\000t\000i\000o\000n\000\040\000a\000n\000d\000\040\000L\000i\000t\000e\000r\000a\000t\000u\000r\000e\000\040\000S\000u\000r\000v\000e\000y}{}% 1
\BOOKMARK [1][-]{section.2}{\376\377\000S\000o\000l\000u\000t\000i\000o\000n\000\040\000M\000e\000t\000h\000o\000d\000o\000l\000o\000g\000y}{}% 2
\BOOKMARK [2][-]{subsection.2.1}{\376\377\000P\000a\000t\000h\000\040\000C\000o\000u\000n\000t\000i\000n\000g\000\040\000v\000i\000a\000\040\000B\000F\000S}{section.2}% 3
\BOOKMARK [2][-]{subsection.2.2}{\376\377\000B\000i\000s\000e\000c\000t\000i\000o\000n\000\040\000B\000a\000n\000d\000w\000i\000d\000t\000h}{section.2}% 4
\BOOKMARK [2][-]{subsection.2.3}{\376\377\000F\000a\000u\000l\000t\000\040\000T\000o\000l\000e\000r\000a\000n\000c\000e\000\040\000A\000n\000a\000l\000y\000s\000i\000s}{section.2}% 5
\BOOKMARK [1][-]{section.3}{\376\377\000A\000n\000s\000w\000e\000r\000s\000\040\000f\000o\000r\000\040\000t\000h\000e\000\040\000G\000i\000v\000e\000n\000\040\000D\000i\000a\000g\000r\000a\000m}{}% 6
\BOOKMARK [2][-]{subsection.3.1}{\376\377\000P\000a\000r\000t\000\040\000\050\000a\000\051\000:\000\040\000S\000e\000r\000v\000e\000r\000\040\000\040\000R\000o\000o\000t\000\040\000S\000w\000i\000t\000c\000h}{section.3}% 7
\BOOKMARK [2][-]{subsection.3.2}{\376\377\000P\000a\000r\000t\000\040\000\050\000b\000\051\000:\000\040\000H\000o\000s\000t\000-\000t\000o\000-\000H\000o\000s\000t\000\040\000P\000a\000t\000h\000s}{section.3}% 8
\BOOKMARK [2][-]{subsection.3.3}{\376\377\000P\000a\000r\000t\000\040\000\050\000c\000\051\000:\000\040\000B\000i\000s\000e\000c\000t\000i\000o\000n\000\040\000B\000a\000n\000d\000w\000i\000d\000t\000h}{section.3}% 9
\BOOKMARK [1][-]{section.4}{\376\377\000E\000x\000t\000e\000n\000s\000i\000o\000n\000\040\000t\000o\000\040\000O\000t\000h\000e\000r\000\040\000T\000o\000p\000o\000l\000o\000g\000i\000e\000s\000\040\000\050\000P\000a\000r\000t\000\040\000d\000\051}{}% 10
\BOOKMARK [2][-]{subsection.4.1}{\376\377\000F\000a\000t\000\040\000T\000r\000e\000e\000\040\000\050\000k\000=\0004\000,\000\040\000d\000=\0003\000\051}{section.4}% 11
\BOOKMARK [2][-]{subsection.4.2}{\376\377\000G\000o\000o\000g\000l\000e\000\040\000J\000u\000p\000i\000t\000e\000r}{section.4}% 12
\BOOKMARK [2][-]{subsection.4.3}{\376\377\000A\000m\000a\000z\000o\000n\000\040\000L\000e\000a\000f\000-\000S\000p\000i\000n\000e}{section.4}% 13
\BOOKMARK [2][-]{subsection.4.4}{\376\377\000M\000e\000t\000a\000\040\0003\000-\000L\000e\000v\000e\000l\000\040\000C\000l\000o\000s}{section.4}% 14
\BOOKMARK [2][-]{subsection.4.5}{\376\377\000C\000r\000o\000s\000s\000-\000T\000o\000p\000o\000l\000o\000g\000y\000\040\000S\000u\000m\000m\000a\000r\000y\000\040\000\050\000P\000a\000r\000t\000s\000\040\000a\040\023\000c\000\051}{section.4}% 15
\BOOKMARK [1][-]{section.5}{\376\377\000E\000x\000p\000e\000r\000i\000m\000e\000n\000t\000s\000\040\000B\000e\000y\000o\000n\000d\000\040\000t\000h\000e\000\040\000A\000s\000s\000i\000g\000n\000m\000e\000n\000t}{}% 16
\BOOKMARK [2][-]{subsection.5.1}{\376\377\000E\000x\000p\000e\000r\000i\000m\000e\000n\000t\000\040\0001\000:\000\040\000M\000u\000l\000t\000i\000-\000F\000a\000i\000l\000u\000r\000e\000\040\000C\000a\000s\000c\000a\000d\000e}{section.5}% 17
\BOOKMARK [2][-]{subsection.5.2}{\376\377\000E\000x\000p\000e\000r\000i\000m\000e\000n\000t\000\040\0002\000:\000\040\000N\000e\000t\000w\000o\000r\000k\000\040\000D\000i\000a\000m\000e\000t\000e\000r\000\040\000a\000n\000d\000\040\000P\000a\000t\000h\000\040\000D\000i\000v\000e\000r\000s\000i\000t\000y}{section.5}% 18
\BOOKMARK [2][-]{subsection.5.3}{\376\377\000E\000x\000p\000e\000r\000i\000m\000e\000n\000t\000\040\0003\000:\000\040\000C\000o\000s\000t\000\040\000E\000f\000f\000i\000c\000i\000e\000n\000c\000y}{section.5}% 19
\BOOKMARK [1][-]{section.6}{\376\377\000U\000s\000e\000\040\000o\000f\000\040\000A\000I\000\040\000a\000n\000d\000\040\000V\000i\000b\000e\000\040\000C\000o\000d\000i\000n\000g}{}% 20
\BOOKMARK [1][-]{section.7}{\376\377\000D\000i\000s\000c\000u\000s\000s\000i\000o\000n\000\040\000a\000n\000d\000\040\000C\000o\000n\000c\000l\000u\000s\000i\000o\000n}{}% 21
\BOOKMARK [1][-]{appendix.A}{\376\377\000K\000e\000y\000\040\000S\000o\000u\000r\000c\000e\000\040\000C\000o\000d\000e}{}% 22
\BOOKMARK [2][-]{subsection.A.1}{\376\377\000B\000F\000S\000\040\000S\000h\000o\000r\000t\000e\000s\000t\000\040\000P\000a\000t\000h\000\040\000C\000o\000u\000n\000t\000i\000n\000g\000\040\000\050\000a\000n\000a\000l\000y\000s\000i\000s\000.\000j\000s\000\051}{appendix.A}% 23
\BOOKMARK [2][-]{subsection.A.2}{\376\377\000E\000x\000a\000c\000t\000\040\000B\000i\000s\000e\000c\000t\000i\000o\000n\000\040\000B\000a\000n\000d\000w\000i\000d\000t\000h\000\040\000\050\000a\000n\000a\000l\000y\000s\000i\000s\000.\000j\000s\000\051}{appendix.A}% 24
\BOOKMARK [2][-]{subsection.A.3}{\376\377\000F\000a\000u\000l\000t\000\040\000T\000o\000l\000e\000r\000a\000n\000c\000e\000\040\000A\000n\000a\000l\000y\000s\000i\000s\000\040\000\050\000a\000n\000a\000l\000y\000s\000i\000s\000.\000j\000s\000\051}{appendix.A}% 25
